commit 3e8374a9a48c77c838d1f0b962b45b6a7f130f7b
Author: Sterling Woodruff <sterlingwoodruff@mail.weber.edu>
Date:   Mon Mar 6 23:09:25 2017 +0000

    Final after email commit

commit 8625e9419d6606a3937af6e48a9567b4b61191cc
Author: Sterling Woodruff <sterlingwoodruff@mail.weber.edu>
Date:   Sat Mar 4 23:02:58 2017 +0000

    Delet

commit e3f5711985559676164e3ede9ed11093bb1a90eb
Author: Sterling Woodruff <sterlingwoodruff@mail.weber.edu>
Date:   Sat Mar 4 23:01:06 2017 +0000

    Similar to his prgm

commit 47495b1a840026f6d593ed3608d8b305aa728c55
Author: Sterling Woodruff <sterlingwoodruff@mail.weber.edu>
Date:   Fri Mar 3 21:30:20 2017 +0000

    commit .gitignore

commit ce7e403e156fbe5470e3b6b296ff0ad54f4be57d
Author: Sterling Woodruff <sterlingwoodruff@mail.weber.edu>
Date:   Fri Mar 3 21:28:31 2017 +0000

    needs work on inverse tan

commit 356169b8c9d8a20cb9fadaeee0d460bb4898ca50
Author: Kurt Weloth <kurtweloth@mail.weber.edu>
Date:   Thu Mar 2 20:05:19 2017 +0000

    initial

commit 6e825facdfca533d24868f1f7f78174648adc5f5
Author: Kurt Weloth <kurtweloth@mail.weber.edu>
Date:   Thu Mar 2 19:58:41 2017 +0000

    addignore

commit 88cd46e3cc639c706055436bcbffb4553ac011f6
Author: Kurt Weloth <kurtweloth@mail.weber.edu>
Date:   Thu Mar 2 19:48:46 2017 +0000

    second commit

commit 037d8dd5c40d92dd5d204fcc60ab4fc70125dc01
Author: Kurt Weloth <kurtweloth@mail.weber.edu>
Date:   Thu Mar 2 19:47:14 2017 +0000

    initial commit

commit 33bb23e6b381745057d8514d75bb015b2a5962c9
Author: Sterling Woodruff <sterlingwoodruff@mail.weber.edu>
Date:   Thu Mar 2 17:04:22 2017 +0000

    commit

commit 5c07b7d39e16bdbf71a0d58ae81c8657cf496107
Author: Sterling Woodruff <sterlingwoodruff@mail.weber.edu>
Date:   Thu Mar 2 17:01:42 2017 +0000

    second commit

commit 5ee7d0026dcc2adb1d4be706dc468d765fb51d4f
Author: Kurt Weloth <kurtweloth@mail.weber.edu>
Date:   Tue Feb 28 17:23:34 2017 +0000

    initial commit

commit 63a4826600524f148e16903842ac2eb4cd5d3bcf
Author: sjwoodruff <sjwoodruff100@msn.com>
Date:   Tue Feb 28 10:02:05 2017 -0700

    Initial commit
